/usr/scratch/dtsui/.conda/pkgs/diffusion/lib/python3.10/site-packages/torchvision/models/_utils.py:208: UserWarning: The parameter 'pretrained' is deprecated since 0.13 and may be removed in the future, please use 'weights' instead.
  warnings.warn(
/usr/scratch/dtsui/.conda/pkgs/diffusion/lib/python3.10/site-packages/torchvision/models/_utils.py:223: UserWarning: Arguments other than a weight enum or `None` for 'weights' are deprecated since 0.13 and may be removed in the future. The current behavior is equivalent to passing `weights=AlexNet_Weights.IMAGENET1K_V1`. You can also use `weights=AlexNet_Weights.DEFAULT` to get the most up-to-date weights.
  warnings.warn(msg)
Results will be saved to: simple_example_fourier/fourier_masking

Batch 1/1: IDs [0]
Loading batch of CryoEM data from ../data/sample_empiar10076.pt...
CryoEM data loaded successfully from .pt file. Data shape: torch.Size([1, 128, 128])
Selected batch size: 1
Selected batch shape: torch.Size([1, 128, 128])
Batch normalized from [0, 1] to [-1, 1] range
NOISE LEVEL 0.0
Setting up [LPIPS] perceptual loss: trunk [alex], v[0.1], spatial [off]
Loading model from: /usr/scratch/dtsui/.conda/pkgs/diffusion/lib/python3.10/site-packages/lpips/weights/v0.1/alex.pth

----- Analyzing reconstruction for image 0 -----
MSE: 0.030976
MAE: 0.139833
PSNR: 21.11 dB
SSIM: 0.6988
LPIPS: 0.1695
L2 Norm Distance: 22.528088
Average Measurement MSE: 0.000082
Metrics saved to simple_example_fourier/fourier_masking/reconstruction_metrics.csv
